<?xml version="1.0" encoding="UTF-8"?>
<coverage generated="1600780672222" clover="3.2.0">
  <project timestamp="1600780672223" name="All files">
    <metrics statements="21" coveredstatements="12" conditionals="10" coveredconditionals="5" methods="4" coveredmethods="2" elements="35" coveredelements="19" complexity="0" loc="21" ncloc="21" packages="1" files="1" classes="1"/>
    <file name="index.ts" path="/Users/sherif/Documents/code/re-coded/EIP_TDD_Roman_Numerals/sample0/src/index.ts">
      <metrics statements="21" coveredstatements="12" conditionals="10" coveredconditionals="5" methods="4" coveredmethods="2"/>
      <line num="5" count="1" type="stmt"/>
      <line num="21" count="1" type="stmt"/>
      <line num="22" count="3" type="cond" truecount="3" falsecount="1"/>
      <line num="23" count="0" type="stmt"/>
      <line num="26" count="3" type="cond" truecount="1" falsecount="1"/>
      <line num="27" count="0" type="stmt"/>
      <line num="32" count="3" type="stmt"/>
      <line num="33" count="3" type="stmt"/>
      <line num="34" count="39" type="stmt"/>
      <line num="35" count="39" type="stmt"/>
      <line num="36" count="6" type="stmt"/>
      <line num="37" count="6" type="stmt"/>
      <line num="41" count="3" type="stmt"/>
      <line num="48" count="1" type="cond" truecount="1" falsecount="1"/>
      <line num="49" count="0" type="stmt"/>
      <line num="50" count="0" type="stmt"/>
      <line num="55" count="0" type="cond" truecount="0" falsecount="2"/>
      <line num="58" count="0" type="stmt"/>
      <line num="59" count="0" type="stmt"/>
      <line num="60" count="0" type="stmt"/>
      <line num="62" count="0" type="stmt"/>
    </file>
  </project>
</coverage>
