{"/Users/sherif/Documents/code/re-coded/EIP_TDD_Roman_Numerals/sample0/src/index.ts": {"path":"/Users/sherif/Documents/code/re-coded/EIP_TDD_Roman_Numerals/sample0/src/index.ts","statementMap":{"0":{"start":{"line":5,"column":30},"end":{"line":19,"column":1}},"1":{"start":{"line":21,"column":23},"end":{"line":42,"column":1}},"2":{"start":{"line":22,"column":2},"end":{"line":24,"column":3}},"3":{"start":{"line":23,"column":4},"end":{"line":23,"column":47}},"4":{"start":{"line":26,"column":2},"end":{"line":30,"column":3}},"5":{"start":{"line":27,"column":4},"end":{"line":29,"column":6}},"6":{"start":{"line":32,"column":15},"end":{"line":32,"column":17}},"7":{"start":{"line":33,"column":2},"end":{"line":39,"column":5}},"8":{"start":{"line":34,"column":42},"end":{"line":34,"column":46}},"9":{"start":{"line":35,"column":4},"end":{"line":38,"column":5}},"10":{"start":{"line":36,"column":6},"end":{"line":36,"column":21}},"11":{"start":{"line":37,"column":6},"end":{"line":37,"column":17}},"12":{"start":{"line":41,"column":2},"end":{"line":41,"column":16}},"13":{"start":{"line":48,"column":0},"end":{"line":65,"column":1}},"14":{"start":{"line":49,"column":2},"end":{"line":64,"column":7}},"15":{"start":{"line":50,"column":16},"end":{"line":56,"column":6}},"16":{"start":{"line":55,"column":8},"end":{"line":55,"column":71}},"17":{"start":{"line":58,"column":4},"end":{"line":63,"column":5}},"18":{"start":{"line":59,"column":21},"end":{"line":59,"column":53}},"19":{"start":{"line":60,"column":6},"end":{"line":60,"column":65}},"20":{"start":{"line":62,"column":6},"end":{"line":62,"column":31}}},"fnMap":{"0":{"name":"(anonymous_0)","decl":{"start":{"line":21,"column":23},"end":{"line":21,"column":24}},"loc":{"start":{"line":21,"column":40},"end":{"line":42,"column":1}},"line":21},"1":{"name":"(anonymous_1)","decl":{"start":{"line":33,"column":19},"end":{"line":33,"column":20}},"loc":{"start":{"line":33,"column":29},"end":{"line":39,"column":3}},"line":33},"2":{"name":"(anonymous_2)","decl":{"start":{"line":49,"column":3},"end":{"line":49,"column":4}},"loc":{"start":{"line":49,"column":15},"end":{"line":64,"column":3}},"line":49},"3":{"name":"(anonymous_3)","decl":{"start":{"line":54,"column":16},"end":{"line":54,"column":17}},"loc":{"start":{"line":55,"column":8},"end":{"line":55,"column":71}},"line":55}},"branchMap":{"0":{"loc":{"start":{"line":22,"column":2},"end":{"line":24,"column":3}},"type":"if","locations":[{"start":{"line":22,"column":2},"end":{"line":24,"column":3}},{"start":{"line":22,"column":2},"end":{"line":24,"column":3}}],"line":22},"1":{"loc":{"start":{"line":22,"column":6},"end":{"line":22,"column":43}},"type":"binary-expr","locations":[{"start":{"line":22,"column":6},"end":{"line":22,"column":29}},{"start":{"line":22,"column":33},"end":{"line":22,"column":43}}],"line":22},"2":{"loc":{"start":{"line":26,"column":2},"end":{"line":30,"column":3}},"type":"if","locations":[{"start":{"line":26,"column":2},"end":{"line":30,"column":3}},{"start":{"line":26,"column":2},"end":{"line":30,"column":3}}],"line":26},"3":{"loc":{"start":{"line":48,"column":0},"end":{"line":65,"column":1}},"type":"if","locations":[{"start":{"line":48,"column":0},"end":{"line":65,"column":1}},{"start":{"line":48,"column":0},"end":{"line":65,"column":1}}],"line":48},"4":{"loc":{"start":{"line":55,"column":8},"end":{"line":55,"column":71}},"type":"cond-expr","locations":[{"start":{"line":55,"column":37},"end":{"line":55,"column":64}},{"start":{"line":55,"column":67},"end":{"line":55,"column":71}}],"line":55}},"s":{"0":1,"1":1,"2":3,"3":0,"4":3,"5":0,"6":3,"7":3,"8":39,"9":39,"10":6,"11":6,"12":3,"13":1,"14":0,"15":0,"16":0,"17":0,"18":0,"19":0,"20":0},"f":{"0":3,"1":39,"2":0,"3":0},"b":{"0":[0,3],"1":[3,3],"2":[0,3],"3":[0,1],"4":[0,0]},"_coverageSchema":"1a1c01bbd47fc00a2c39e90264f33305004495a9","hash":"2a3d5b4338d38624daa6297e6938eb65999d85dc"}
}
