TN:
SF:sample0/src/index.ts
FN:21,(anonymous_0)
FN:33,(anonymous_1)
FN:49,(anonymous_2)
FN:54,(anonymous_3)
FNF:4
FNH:2
FNDA:3,(anonymous_0)
FNDA:39,(anonymous_1)
FNDA:0,(anonymous_2)
FNDA:0,(anonymous_3)
DA:5,1
DA:21,1
DA:22,3
DA:23,0
DA:26,3
DA:27,0
DA:32,3
DA:33,3
DA:34,39
DA:35,39
DA:36,6
DA:37,6
DA:41,3
DA:48,1
DA:49,0
DA:50,0
DA:55,0
DA:58,0
DA:59,0
DA:60,0
DA:62,0
LF:21
LH:12
BRDA:22,0,0,0
BRDA:22,0,1,3
BRDA:22,1,0,3
BRDA:22,1,1,3
BRDA:26,2,0,0
BRDA:26,2,1,3
BRDA:48,3,0,0
BRDA:48,3,1,1
BRDA:55,4,0,0
BRDA:55,4,1,0
BRF:10
BRH:5
end_of_record
