{"/Users/sherif/Documents/code/re-coded/EIP_TDD_Roman_Numerals/sample2/src/index.ts": {"path":"/Users/sherif/Documents/code/re-coded/EIP_TDD_Roman_Numerals/sample2/src/index.ts","statementMap":{"0":{"start":{"line":11,"column":30},"end":{"line":25,"column":1}},"1":{"start":{"line":27,"column":23},"end":{"line":43,"column":1}},"2":{"start":{"line":33,"column":15},"end":{"line":33,"column":17}},"3":{"start":{"line":34,"column":2},"end":{"line":40,"column":5}},"4":{"start":{"line":35,"column":42},"end":{"line":35,"column":46}},"5":{"start":{"line":36,"column":4},"end":{"line":39,"column":5}},"6":{"start":{"line":37,"column":6},"end":{"line":37,"column":21}},"7":{"start":{"line":38,"column":6},"end":{"line":38,"column":17}},"8":{"start":{"line":42,"column":2},"end":{"line":42,"column":16}},"9":{"start":{"line":49,"column":0},"end":{"line":66,"column":1}},"10":{"start":{"line":50,"column":2},"end":{"line":65,"column":7}},"11":{"start":{"line":51,"column":16},"end":{"line":57,"column":6}},"12":{"start":{"line":56,"column":8},"end":{"line":56,"column":71}},"13":{"start":{"line":59,"column":4},"end":{"line":64,"column":5}},"14":{"start":{"line":60,"column":21},"end":{"line":60,"column":53}},"15":{"start":{"line":61,"column":6},"end":{"line":61,"column":65}},"16":{"start":{"line":63,"column":6},"end":{"line":63,"column":31}}},"fnMap":{"0":{"name":"(anonymous_0)","decl":{"start":{"line":27,"column":23},"end":{"line":27,"column":24}},"loc":{"start":{"line":27,"column":40},"end":{"line":43,"column":1}},"line":27},"1":{"name":"(anonymous_1)","decl":{"start":{"line":34,"column":19},"end":{"line":34,"column":20}},"loc":{"start":{"line":34,"column":29},"end":{"line":40,"column":3}},"line":34},"2":{"name":"(anonymous_2)","decl":{"start":{"line":50,"column":3},"end":{"line":50,"column":4}},"loc":{"start":{"line":50,"column":15},"end":{"line":65,"column":3}},"line":50},"3":{"name":"(anonymous_3)","decl":{"start":{"line":55,"column":16},"end":{"line":55,"column":17}},"loc":{"start":{"line":56,"column":8},"end":{"line":56,"column":71}},"line":56}},"branchMap":{"0":{"loc":{"start":{"line":49,"column":0},"end":{"line":66,"column":1}},"type":"if","locations":[{"start":{"line":49,"column":0},"end":{"line":66,"column":1}},{"start":{"line":49,"column":0},"end":{"line":66,"column":1}}],"line":49},"1":{"loc":{"start":{"line":56,"column":8},"end":{"line":56,"column":71}},"type":"cond-expr","locations":[{"start":{"line":56,"column":37},"end":{"line":56,"column":64}},{"start":{"line":56,"column":67},"end":{"line":56,"column":71}}],"line":56}},"s":{"0":1,"1":1,"2":23,"3":23,"4":299,"5":299,"6":64,"7":64,"8":23,"9":1,"10":0,"11":0,"12":0,"13":0,"14":0,"15":0,"16":0},"f":{"0":23,"1":299,"2":0,"3":0},"b":{"0":[0,1],"1":[0,0]},"_coverageSchema":"1a1c01bbd47fc00a2c39e90264f33305004495a9","hash":"8a51005814247882fae4ee2166b179063334597f"}
}
